[2024-Oct-04 12:41:37.864 -04:00][ 6935: 6935][info ] Logging initialized
[2024-Oct-04 19:23:53.859 -04:00][ 1369: 1369][info ] Logging initialized
[2024-Oct-04 21:11:09.439 -04:00][ 1552: 1552][info ] Logging initialized
[2024-Oct-09 19:23:04.253 -04:00][40929:40929][info ] Logging initialized
[2024-Oct-10 15:35:58.859 -04:00][ 1015: 1015][info ] Logging initialized
[2024-Oct-10 22:02:14.516 -04:00][ 1100: 1100][info ] Logging initialized
[2024-Oct-13 19:09:21.493 -04:00][ 1193: 1193][info ] Logging initialized
[2024-Oct-13 19:37:58.661 -04:00][ 2021: 2021][info ] Logging initialized
[2024-Oct-13 23:38:48.607 -04:00][ 1078: 1078][info ] Logging initialized
[2024-Oct-15 12:38:11.826 -04:00][ 1137: 1137][info ] Logging initialized
[2024-Oct-16 09:49:37.389 -04:00][ 1332: 1332][info ] Logging initialized
[2024-Oct-16 20:11:02.777 -04:00][ 1062: 1062][info ] Logging initialized
[2024-Oct-17 17:54:41.630 -04:00][ 1665: 1665][info ] Logging initialized
[2024-Oct-18 11:22:26.824 -04:00][ 1440: 1440][info ] Logging initialized
[2024-Oct-19 12:35:44.314 -04:00][ 1227: 1227][info ] Logging initialized
[2024-Oct-23 19:24:10.849 -04:00][29791:29791][info ] Logging initialized
[2024-Oct-24 18:16:21.543 -04:00][ 1450: 1450][info ] Logging initialized
[2024-Oct-25 09:59:31.473 -04:00][ 1679: 1679][info ] Logging initialized
[2024-Oct-28 15:27:19.063 -04:00][ 1914: 1914][info ] Logging initialized
[2024-Oct-29 19:04:20.473 -04:00][ 1423: 1423][info ] Logging initialized
[2024-Oct-30 11:19:50.103 -04:00][ 4029: 4029][info ] Logging initialized
[2024-Oct-31 13:00:52.155 -04:00][12437:12437][info ] Logging initialized
[2024-Nov-01 19:56:58.700 -04:00][ 3170: 3170][info ] Logging initialized
[2024-Nov-07 19:57:18.675 -05:00][147034:147034][info ] Logging initialized
[2024-Nov-07 20:12:30.115 -05:00][ 1189: 1189][info ] Logging initialized
[2024-Nov-08 10:31:31.900 -05:00][ 1555: 1555][info ] Logging initialized
[2024-Nov-08 16:29:23.325 -05:00][ 1075: 1075][info ] Logging initialized
[2024-Nov-10 10:39:12.824 -05:00][ 4741: 4741][info ] Logging initialized
[2024-Nov-11 11:02:15.821 -05:00][ 2303: 2303][info ] Logging initialized
[2024-Nov-12 10:18:27.147 -05:00][ 1445: 1445][info ] Logging initialized
[2024-Nov-13 10:34:23.778 -05:00][36598:36598][info ] Logging initialized
[2024-Nov-14 15:10:36.423 -05:00][ 1416: 1416][info ] Logging initialized
[2024-Nov-15 18:27:58.584 -05:00][ 1706: 1706][info ] Logging initialized
[2024-Nov-16 12:50:29.451 -05:00][ 1226: 1226][info ] Logging initialized
[2024-Nov-18 18:27:47.341 -05:00][60061:60061][info ] Logging initialized
[2024-Nov-19 11:23:29.232 -05:00][ 1413: 1413][info ] Logging initialized
[2024-Nov-20 11:22:07.068 -05:00][ 1400: 1400][info ] Logging initialized
[2024-Nov-21 09:45:52.835 -05:00][ 1434: 1434][info ] Logging initialized
[2024-Nov-26 19:57:54.481 -05:00][30769:30769][info ] Logging initialized
[2024-Nov-27 18:46:51.491 -05:00][ 1295: 1295][info ] Logging initialized
[2024-Nov-28 11:29:49.721 -05:00][ 1095: 1095][info ] Logging initialized
[2024-Dec-01 19:51:08.856 -05:00][ 1588: 1588][info ] Logging initialized
[2024-Dec-02 17:31:30.141 -05:00][ 1072: 1072][info ] Logging initialized
[2024-Dec-03 11:12:59.382 -05:00][ 1154: 1154][info ] Logging initialized
[2024-Dec-03 16:19:50.498 -05:00][ 7743: 7743][info ] Logging initialized
[2024-Dec-04 11:37:37.758 -05:00][ 1211: 1211][info ] Logging initialized
[2024-Dec-05 14:30:09.228 -05:00][ 1511: 1511][info ] Logging initialized
[2024-Dec-08 12:47:26.701 -05:00][ 7783: 7783][info ] Logging initialized
[2024-Dec-09 19:16:01.755 -05:00][ 2259: 2259][info ] Logging initialized
[2024-Dec-10 11:11:27.821 -05:00][ 1103: 1103][info ] Logging initialized
[2024-Dec-11 08:11:54.947 -05:00][ 1372: 1372][info ] Logging initialized
[2024-Dec-22 20:27:20.509 -05:00][246644:246644][info ] Logging initialized
